<?xml version="1.0" encoding="UTF-8"?>
<!-- Generated by org.testng.reporters.JUnitReportReporter -->
<testsuite hostname="Amals-MacBook-Air.local" name="org.automation.WeatherTest" tests="1" failures="0" timestamp="25 Sep 2020 11:40:33 GMT" time="9.929" errors="0">
  <testcase name="checkWeatherDiffTest" time="9.929" classname="org.automation.WeatherTest"/>
</testsuite> <!-- org.automation.WeatherTest -->
